This is pdfTeX, Version 3.14159265-2.6-1.40.16 (TeX Live 2015) (preloaded format=pdflatex 2015.9.13)  5 OCT 2016 00:32
entering extended mode
 restricted \write18 enabled.
 %&-line parsing enabled.
**geometry-hw1.tex
(./geometry-hw1.tex
LaTeX2e <2015/01/01>
Babel <3.9l> and hyphenation patterns for 21 languages loaded.
(/usr/local/texlive/2015basic/texmf-dist/tex/latex/base/article.cls
Document Class: article 2014/09/29 v1.4h Standard LaTeX document class
(/usr/local/texlive/2015basic/texmf-dist/tex/latex/base/size10.clo
File: size10.clo 2014/09/29 v1.4h Standard LaTeX file (size option)
)
\c@part=\count79
\c@section=\count80
\c@subsection=\count81
\c@subsubsection=\count82
\c@paragraph=\count83
\c@subparagraph=\count84
\c@figure=\count85
\c@table=\count86
\abovecaptionskip=\skip41
\belowcaptionskip=\skip42
\bibindent=\dimen102
)
(/usr/local/texlive/2015basic/texmf-dist/tex/latex/base/inputenc.sty
Package: inputenc 2015/03/17 v1.2c Input encoding file
\inpenc@prehook=\toks14
\inpenc@posthook=\toks15

(/usr/local/texlive/2015basic/texmf-dist/tex/latex/base/utf8.def
File: utf8.def 2014/09/29 v1.1m UTF-8 support for inputenc
Now handling font encoding OML ...
... no UTF-8 mapping file for font encoding OML
Now handling font encoding T1 ...
... processing UTF-8 mapping file for font encoding T1

(/usr/local/texlive/2015basic/texmf-dist/tex/latex/base/t1enc.dfu
File: t1enc.dfu 2014/09/29 v1.1m UTF-8 support for inputenc
   defining Unicode char U+00A1 (decimal 161)
   defining Unicode char U+00A3 (decimal 163)
   defining Unicode char U+00AB (decimal 171)
   defining Unicode char U+00BB (decimal 187)
   defining Unicode char U+00BF (decimal 191)
   defining Unicode char U+00C0 (decimal 192)
   defining Unicode char U+00C1 (decimal 193)
   defining Unicode char U+00C2 (decimal 194)
   defining Unicode char U+00C3 (decimal 195)
   defining Unicode char U+00C4 (decimal 196)
   defining Unicode char U+00C5 (decimal 197)
   defining Unicode char U+00C6 (decimal 198)
   defining Unicode char U+00C7 (decimal 199)
   defining Unicode char U+00C8 (decimal 200)
   defining Unicode char U+00C9 (decimal 201)
   defining Unicode char U+00CA (decimal 202)
   defining Unicode char U+00CB (decimal 203)
   defining Unicode char U+00CC (decimal 204)
   defining Unicode char U+00CD (decimal 205)
   defining Unicode char U+00CE (decimal 206)
   defining Unicode char U+00CF (decimal 207)
   defining Unicode char U+00D0 (decimal 208)
   defining Unicode char U+00D1 (decimal 209)
   defining Unicode char U+00D2 (decimal 210)
   defining Unicode char U+00D3 (decimal 211)
   defining Unicode char U+00D4 (decimal 212)
   defining Unicode char U+00D5 (decimal 213)
   defining Unicode char U+00D6 (decimal 214)
   defining Unicode char U+00D8 (decimal 216)
   defining Unicode char U+00D9 (decimal 217)
   defining Unicode char U+00DA (decimal 218)
   defining Unicode char U+00DB (decimal 219)
   defining Unicode char U+00DC (decimal 220)
   defining Unicode char U+00DD (decimal 221)
   defining Unicode char U+00DE (decimal 222)
   defining Unicode char U+00DF (decimal 223)
   defining Unicode char U+00E0 (decimal 224)
   defining Unicode char U+00E1 (decimal 225)
   defining Unicode char U+00E2 (decimal 226)
   defining Unicode char U+00E3 (decimal 227)
   defining Unicode char U+00E4 (decimal 228)
   defining Unicode char U+00E5 (decimal 229)
   defining Unicode char U+00E6 (decimal 230)
   defining Unicode char U+00E7 (decimal 231)
   defining Unicode char U+00E8 (decimal 232)
   defining Unicode char U+00E9 (decimal 233)
   defining Unicode char U+00EA (decimal 234)
   defining Unicode char U+00EB (decimal 235)
   defining Unicode char U+00EC (decimal 236)
   defining Unicode char U+00ED (decimal 237)
   defining Unicode char U+00EE (decimal 238)
   defining Unicode char U+00EF (decimal 239)
   defining Unicode char U+00F0 (decimal 240)
   defining Unicode char U+00F1 (decimal 241)
   defining Unicode char U+00F2 (decimal 242)
   defining Unicode char U+00F3 (decimal 243)
   defining Unicode char U+00F4 (decimal 244)
   defining Unicode char U+00F5 (decimal 245)
   defining Unicode char U+00F6 (decimal 246)
   defining Unicode char U+00F8 (decimal 248)
   defining Unicode char U+00F9 (decimal 249)
   defining Unicode char U+00FA (decimal 250)
   defining Unicode char U+00FB (decimal 251)
   defining Unicode char U+00FC (decimal 252)
   defining Unicode char U+00FD (decimal 253)
   defining Unicode char U+00FE (decimal 254)
   defining Unicode char U+00FF (decimal 255)
   defining Unicode char U+0102 (decimal 258)
   defining Unicode char U+0103 (decimal 259)
   defining Unicode char U+0104 (decimal 260)
   defining Unicode char U+0105 (decimal 261)
   defining Unicode char U+0106 (decimal 262)
   defining Unicode char U+0107 (decimal 263)
   defining Unicode char U+010C (decimal 268)
   defining Unicode char U+010D (decimal 269)
   defining Unicode char U+010E (decimal 270)
   defining Unicode char U+010F (decimal 271)
   defining Unicode char U+0110 (decimal 272)
   defining Unicode char U+0111 (decimal 273)
   defining Unicode char U+0118 (decimal 280)
   defining Unicode char U+0119 (decimal 281)
   defining Unicode char U+011A (decimal 282)
   defining Unicode char U+011B (decimal 283)
   defining Unicode char U+011E (decimal 286)
   defining Unicode char U+011F (decimal 287)
   defining Unicode char U+0130 (decimal 304)
   defining Unicode char U+0131 (decimal 305)
   defining Unicode char U+0132 (decimal 306)
   defining Unicode char U+0133 (decimal 307)
   defining Unicode char U+0139 (decimal 313)
   defining Unicode char U+013A (decimal 314)
   defining Unicode char U+013D (decimal 317)
   defining Unicode char U+013E (decimal 318)
   defining Unicode char U+0141 (decimal 321)
   defining Unicode char U+0142 (decimal 322)
   defining Unicode char U+0143 (decimal 323)
   defining Unicode char U+0144 (decimal 324)
   defining Unicode char U+0147 (decimal 327)
   defining Unicode char U+0148 (decimal 328)
   defining Unicode char U+014A (decimal 330)
   defining Unicode char U+014B (decimal 331)
   defining Unicode char U+0150 (decimal 336)
   defining Unicode char U+0151 (decimal 337)
   defining Unicode char U+0152 (decimal 338)
   defining Unicode char U+0153 (decimal 339)
   defining Unicode char U+0154 (decimal 340)
   defining Unicode char U+0155 (decimal 341)
   defining Unicode char U+0158 (decimal 344)
   defining Unicode char U+0159 (decimal 345)
   defining Unicode char U+015A (decimal 346)
   defining Unicode char U+015B (decimal 347)
   defining Unicode char U+015E (decimal 350)
   defining Unicode char U+015F (decimal 351)
   defining Unicode char U+0160 (decimal 352)
   defining Unicode char U+0161 (decimal 353)
   defining Unicode char U+0162 (decimal 354)
   defining Unicode char U+0163 (decimal 355)
   defining Unicode char U+0164 (decimal 356)
   defining Unicode char U+0165 (decimal 357)
   defining Unicode char U+016E (decimal 366)
   defining Unicode char U+016F (decimal 367)
   defining Unicode char U+0170 (decimal 368)
   defining Unicode char U+0171 (decimal 369)
   defining Unicode char U+0178 (decimal 376)
   defining Unicode char U+0179 (decimal 377)
   defining Unicode char U+017A (decimal 378)
   defining Unicode char U+017B (decimal 379)
   defining Unicode char U+017C (decimal 380)
   defining Unicode char U+017D (decimal 381)
   defining Unicode char U+017E (decimal 382)
   defining Unicode char U+200C (decimal 8204)
   defining Unicode char U+2013 (decimal 8211)
   defining Unicode char U+2014 (decimal 8212)
   defining Unicode char U+2018 (decimal 8216)
   defining Unicode char U+2019 (decimal 8217)
   defining Unicode char U+201A (decimal 8218)
   defining Unicode char U+201C (decimal 8220)
   defining Unicode char U+201D (decimal 8221)
   defining Unicode char U+201E (decimal 8222)
   defining Unicode char U+2030 (decimal 8240)
   defining Unicode char U+2031 (decimal 8241)
   defining Unicode char U+2039 (decimal 8249)
   defining Unicode char U+203A (decimal 8250)
   defining Unicode char U+2423 (decimal 9251)
)
Now handling font encoding OT1 ...
... processing UTF-8 mapping file for font encoding OT1

(/usr/local/texlive/2015basic/texmf-dist/tex/latex/base/ot1enc.dfu
File: ot1enc.dfu 2014/09/29 v1.1m UTF-8 support for inputenc
   defining Unicode char U+00A1 (decimal 161)
   defining Unicode char U+00A3 (decimal 163)
   defining Unicode char U+00B8 (decimal 184)
   defining Unicode char U+00BF (decimal 191)
   defining Unicode char U+00C5 (decimal 197)
   defining Unicode char U+00C6 (decimal 198)
   defining Unicode char U+00D8 (decimal 216)
   defining Unicode char U+00DF (decimal 223)
   defining Unicode char U+00E6 (decimal 230)
   defining Unicode char U+00EC (decimal 236)
   defining Unicode char U+00ED (decimal 237)
   defining Unicode char U+00EE (decimal 238)
   defining Unicode char U+00EF (decimal 239)
   defining Unicode char U+00F8 (decimal 248)
   defining Unicode char U+0131 (decimal 305)
   defining Unicode char U+0141 (decimal 321)
   defining Unicode char U+0142 (decimal 322)
   defining Unicode char U+0152 (decimal 338)
   defining Unicode char U+0153 (decimal 339)
   defining Unicode char U+2013 (decimal 8211)
   defining Unicode char U+2014 (decimal 8212)
   defining Unicode char U+2018 (decimal 8216)
   defining Unicode char U+2019 (decimal 8217)
   defining Unicode char U+201C (decimal 8220)
   defining Unicode char U+201D (decimal 8221)
)
Now handling font encoding OMS ...
... processing UTF-8 mapping file for font encoding OMS

(/usr/local/texlive/2015basic/texmf-dist/tex/latex/base/omsenc.dfu
File: omsenc.dfu 2014/09/29 v1.1m UTF-8 support for inputenc
   defining Unicode char U+00A7 (decimal 167)
   defining Unicode char U+00B6 (decimal 182)
   defining Unicode char U+00B7 (decimal 183)
   defining Unicode char U+2020 (decimal 8224)
   defining Unicode char U+2021 (decimal 8225)
   defining Unicode char U+2022 (decimal 8226)
)
Now handling font encoding OMX ...
... no UTF-8 mapping file for font encoding OMX
Now handling font encoding U ...
... no UTF-8 mapping file for font encoding U
   defining Unicode char U+00A9 (decimal 169)
   defining Unicode char U+00AA (decimal 170)
   defining Unicode char U+00AE (decimal 174)
   defining Unicode char U+00BA (decimal 186)
   defining Unicode char U+02C6 (decimal 710)
   defining Unicode char U+02DC (decimal 732)
   defining Unicode char U+200C (decimal 8204)
   defining Unicode char U+2026 (decimal 8230)
   defining Unicode char U+2122 (decimal 8482)
   defining Unicode char U+2423 (decimal 9251)
))
(/usr/local/texlive/2015basic/texmf-dist/tex/latex/amsmath/amsmath.sty
Package: amsmath 2013/01/14 v2.14 AMS math features
\@mathmargin=\skip43

For additional information on amsmath, use the `?' option.
(/usr/local/texlive/2015basic/texmf-dist/tex/latex/amsmath/amstext.sty
Package: amstext 2000/06/29 v2.01

(/usr/local/texlive/2015basic/texmf-dist/tex/latex/amsmath/amsgen.sty
File: amsgen.sty 1999/11/30 v2.0
\@emptytoks=\toks16
\ex@=\dimen103
))
(/usr/local/texlive/2015basic/texmf-dist/tex/latex/amsmath/amsbsy.sty
Package: amsbsy 1999/11/29 v1.2d
\pmbraise@=\dimen104
)
(/usr/local/texlive/2015basic/texmf-dist/tex/latex/amsmath/amsopn.sty
Package: amsopn 1999/12/14 v2.01 operator names
)
\inf@bad=\count87
LaTeX Info: Redefining \frac on input line 210.
\uproot@=\count88
\leftroot@=\count89
LaTeX Info: Redefining \overline on input line 306.
\classnum@=\count90
\DOTSCASE@=\count91
LaTeX Info: Redefining \ldots on input line 378.
LaTeX Info: Redefining \dots on input line 381.
LaTeX Info: Redefining \cdots on input line 466.
\Mathstrutbox@=\box26
\strutbox@=\box27
\big@size=\dimen105
LaTeX Font Info:    Redeclaring font encoding OML on input line 566.
LaTeX Font Info:    Redeclaring font encoding OMS on input line 567.
\macc@depth=\count92
\c@MaxMatrixCols=\count93
\dotsspace@=\muskip10
\c@parentequation=\count94
\dspbrk@lvl=\count95
\tag@help=\toks17
\row@=\count96
\column@=\count97
\maxfields@=\count98
\andhelp@=\toks18
\eqnshift@=\dimen106
\alignsep@=\dimen107
\tagshift@=\dimen108
\tagwidth@=\dimen109
\totwidth@=\dimen110
\lineht@=\dimen111
\@envbody=\toks19
\multlinegap=\skip44
\multlinetaggap=\skip45
\mathdisplay@stack=\toks20
LaTeX Info: Redefining \[ on input line 2665.
LaTeX Info: Redefining \] on input line 2666.
)
(/usr/local/texlive/2015basic/texmf-dist/tex/latex/graphics/graphicx.sty
Package: graphicx 2014/10/28 v1.0g Enhanced LaTeX Graphics (DPC,SPQR)

(/usr/local/texlive/2015basic/texmf-dist/tex/latex/graphics/keyval.sty
Package: keyval 2014/10/28 v1.15 key=value parser (DPC)
\KV@toks@=\toks21
)
(/usr/local/texlive/2015basic/texmf-dist/tex/latex/graphics/graphics.sty
Package: graphics 2014/10/28 v1.0p Standard LaTeX Graphics (DPC,SPQR)

(/usr/local/texlive/2015basic/texmf-dist/tex/latex/graphics/trig.sty
Package: trig 1999/03/16 v1.09 sin cos tan (DPC)
)
(/usr/local/texlive/2015basic/texmf-dist/tex/latex/latexconfig/graphics.cfg
File: graphics.cfg 2010/04/23 v1.9 graphics configuration of TeX Live
)
Package graphics Info: Driver file: pdftex.def on input line 94.

(/usr/local/texlive/2015basic/texmf-dist/tex/latex/pdftex-def/pdftex.def
File: pdftex.def 2011/05/27 v0.06d Graphics/color for pdfTeX

(/usr/local/texlive/2015basic/texmf-dist/tex/generic/oberdiek/infwarerr.sty
Package: infwarerr 2010/04/08 v1.3 Providing info/warning/error messages (HO)
)
(/usr/local/texlive/2015basic/texmf-dist/tex/generic/oberdiek/ltxcmds.sty
Package: ltxcmds 2011/11/09 v1.22 LaTeX kernel commands for general use (HO)
)
\Gread@gobject=\count99
))
\Gin@req@height=\dimen112
\Gin@req@width=\dimen113
)
(/usr/local/texlive/2015basic/texmf-dist/tex/latex/graphics/epsfig.sty
Package: epsfig 1999/02/16 v1.7a (e)psfig emulation (SPQR)
\epsfxsize=\dimen114
\epsfysize=\dimen115
)
(./subfigure.sty
Package: subfigure 2002/04/17 v2.1.3 subfigure package
\subfigtopskip=\skip46
\subfigcapskip=\skip47
\subfigcaptopadj=\dimen116
\subfigbottomskip=\skip48
\subfigcapmargin=\dimen117
\subfiglabelskip=\skip49
\c@subfigure=\count100
\c@lofdepth=\count101
\c@subtable=\count102
\c@lotdepth=\count103
\subfig@top=\skip50
\subfig@bottom=\skip51
) (./geometry-hw1.aux)
\openout1 = `geometry-hw1.aux'.

LaTeX Font Info:    Checking defaults for OML/cmm/m/it on input line 60.
LaTeX Font Info:    ... okay on input line 60.
LaTeX Font Info:    Checking defaults for T1/cmr/m/n on input line 60.
LaTeX Font Info:    ... okay on input line 60.
LaTeX Font Info:    Checking defaults for OT1/cmr/m/n on input line 60.
LaTeX Font Info:    ... okay on input line 60.
LaTeX Font Info:    Checking defaults for OMS/cmsy/m/n on input line 60.
LaTeX Font Info:    ... okay on input line 60.
LaTeX Font Info:    Checking defaults for OMX/cmex/m/n on input line 60.
LaTeX Font Info:    ... okay on input line 60.
LaTeX Font Info:    Checking defaults for U/cmr/m/n on input line 60.
LaTeX Font Info:    ... okay on input line 60.

(/usr/local/texlive/2015basic/texmf-dist/tex/context/base/supp-pdf.mkii
[Loading MPS to PDF converter (version 2006.09.02).]
\scratchcounter=\count104
\scratchdimen=\dimen118
\scratchbox=\box28
\nofMPsegments=\count105
\nofMParguments=\count106
\everyMPshowfont=\toks22
\MPscratchCnt=\count107
\MPscratchDim=\dimen119
\MPnumerator=\count108
\makeMPintoPDFobject=\count109
\everyMPtoPDFconversion=\toks23
) (/usr/local/texlive/2015basic/texmf-dist/tex/generic/oberdiek/pdftexcmds.sty
Package: pdftexcmds 2011/11/29 v0.20 Utility functions of pdfTeX for LuaTeX (HO
)

(/usr/local/texlive/2015basic/texmf-dist/tex/generic/oberdiek/ifluatex.sty
Package: ifluatex 2010/03/01 v1.3 Provides the ifluatex switch (HO)
Package ifluatex Info: LuaTeX not detected.
)
(/usr/local/texlive/2015basic/texmf-dist/tex/generic/oberdiek/ifpdf.sty
Package: ifpdf 2011/01/30 v2.3 Provides the ifpdf switch (HO)
Package ifpdf Info: pdfTeX in PDF mode is detected.
)
Package pdftexcmds Info: LuaTeX not detected.
Package pdftexcmds Info: \pdf@primitive is available.
Package pdftexcmds Info: \pdf@ifprimitive is available.
Package pdftexcmds Info: \pdfdraftmode found.
)
(/usr/local/texlive/2015basic/texmf-dist/tex/latex/oberdiek/epstopdf-base.sty
Package: epstopdf-base 2010/02/09 v2.5 Base part for package epstopdf

(/usr/local/texlive/2015basic/texmf-dist/tex/latex/oberdiek/grfext.sty
Package: grfext 2010/08/19 v1.1 Manage graphics extensions (HO)

(/usr/local/texlive/2015basic/texmf-dist/tex/generic/oberdiek/kvdefinekeys.sty
Package: kvdefinekeys 2011/04/07 v1.3 Define keys (HO)
)) (/usr/local/texlive/2015basic/texmf-dist/tex/latex/oberdiek/kvoptions.sty
Package: kvoptions 2011/06/30 v3.11 Key value format for package options (HO)

(/usr/local/texlive/2015basic/texmf-dist/tex/generic/oberdiek/kvsetkeys.sty
Package: kvsetkeys 2012/04/25 v1.16 Key value parser (HO)

(/usr/local/texlive/2015basic/texmf-dist/tex/generic/oberdiek/etexcmds.sty
Package: etexcmds 2011/02/16 v1.5 Avoid name clashes with e-TeX commands (HO)
Package etexcmds Info: Could not find \expanded.
(etexcmds)             That can mean that you are not using pdfTeX 1.50 or
(etexcmds)             that some package has redefined \expanded.
(etexcmds)             In the latter case, load this package earlier.
)))
Package grfext Info: Graphics extension search list:
(grfext)             [.png,.pdf,.jpg,.mps,.jpeg,.jbig2,.jb2,.PNG,.PDF,.JPG,.JPE
G,.JBIG2,.JB2,.eps]
(grfext)             \AppendGraphicsExtensions on input line 452.

(/usr/local/texlive/2015basic/texmf-dist/tex/latex/latexconfig/epstopdf-sys.cfg
File: epstopdf-sys.cfg 2010/07/13 v1.3 Configuration of (r)epstopdf for TeX Liv
e
)) [1

{/usr/local/texlive/2015basic/texmf-var/fonts/map/pdftex/updmap/pdftex.map}]
Underfull \hbox (badness 10000) in paragraph at lines 116--117

 []

[2]
Underfull \hbox (badness 10000) in paragraph at lines 167--168

 []


Underfull \hbox (badness 10000) in paragraph at lines 174--176

 []

[3]

LaTeX Warning: Citation `1' on page 4 undefined on input line 198.

[4] [5]
LaTeX Font Info:    Try loading font information for OMS+cmr on input line 259.

 (/usr/local/texlive/2015basic/texmf-dist/tex/latex/base/omscmr.fd
File: omscmr.fd 2014/09/29 v2.5h Standard LaTeX font definitions
)
LaTeX Font Info:    Font shape `OMS/cmr/m/n' in size <10> not available
(Font)              Font shape `OMS/cmsy/m/n' tried instead on input line 259.

<figures/checker2-llel.jpg, id=32, 1204.5pt x 903.375pt>
File: figures/checker2-llel.jpg Graphic file (type jpg)

<use figures/checker2-llel.jpg>
Package pdftex.def Info: figures/checker2-llel.jpg used on input line 308.
(pdftex.def)             Requested size: 211.3883pt x 158.53409pt.

<figures/chess1-perp.jpg, id=33, 1204.5pt x 903.375pt>
File: figures/chess1-perp.jpg Graphic file (type jpg)

<use figures/chess1-perp.jpg>
Package pdftex.def Info: figures/chess1-perp.jpg used on input line 313.
(pdftex.def)             Requested size: 211.3883pt x 158.53409pt.


LaTeX Warning: `!h' float specifier changed to `!ht'.

<figures/result/chess1/chess1.jpg, id=34, 427.5975pt x 301.125pt>
File: figures/result/chess1/chess1.jpg Graphic file (type jpg)

<use figures/result/chess1/chess1.jpg>
Package pdftex.def Info: figures/result/chess1/chess1.jpg used on input line 32
1.
(pdftex.def)             Requested size: 108.04163pt x 76.08514pt.

<figures/result/chess1/chess1-llel.jpg, id=35, 590.205pt x 323.2075pt>
File: figures/result/chess1/chess1-llel.jpg Graphic file (type jpg)

<use figures/result/chess1/chess1-llel.jpg>
Package pdftex.def Info: figures/result/chess1/chess1-llel.jpg used on input li
ne 321.
(pdftex.def)             Requested size: 108.04163pt x 59.16118pt.

<figures/result/chess1/chess1-perp.jpg, id=36, 1125.20375pt x 383.4325pt>
File: figures/result/chess1/chess1-perp.jpg Graphic file (type jpg)

<use figures/result/chess1/chess1-perp.jpg>
Package pdftex.def Info: figures/result/chess1/chess1-perp.jpg used on input li
ne 321.
(pdftex.def)             Requested size: 108.04163pt x 36.8126pt.

<figures/result/chess1/chess1-rectified.jpg, id=37, 281.05pt x 301.125pt>
File: figures/result/chess1/chess1-rectified.jpg Graphic file (type jpg)

<use figures/result/chess1/chess1-rectified.jpg>
Package pdftex.def Info: figures/result/chess1/chess1-rectified.jpg used on inp
ut line 321.
(pdftex.def)             Requested size: 108.04163pt x 115.75658pt.


LaTeX Warning: `!h' float specifier changed to `!ht'.

<figures/result/facade/facade.jpg, id=38, 199.144pt x 149.358pt>
File: figures/result/facade/facade.jpg Graphic file (type jpg)

<use figures/result/facade/facade.jpg>
Package pdftex.def Info: figures/result/facade/facade.jpg used on input line 32
2.
(pdftex.def)             Requested size: 108.04163pt x 81.03043pt.

<figures/result/facade/facade-llel.jpg, id=39, 1204.5pt x 903.375pt>
File: figures/result/facade/facade-llel.jpg Graphic file (type jpg)

<use figures/result/facade/facade-llel.jpg>
Package pdftex.def Info: figures/result/facade/facade-llel.jpg used on input li
ne 322.
(pdftex.def)             Requested size: 108.04163pt x 81.02455pt.

<figures/result/facade/facade-perp.jpg, id=40, 1204.5pt x 903.375pt>
File: figures/result/facade/facade-perp.jpg Graphic file (type jpg)

<use figures/result/facade/facade-perp.jpg>
Package pdftex.def Info: figures/result/facade/facade-perp.jpg used on input li
ne 322.
(pdftex.def)             Requested size: 108.04163pt x 81.02455pt.

<figures/result/facade/facade-rectified.jpg, id=41, 394.47375pt x 373.395pt>
File: figures/result/facade/facade-rectified.jpg Graphic file (type jpg)

<use figures/result/facade/facade-rectified.jpg>
Package pdftex.def Info: figures/result/facade/facade-rectified.jpg used on inp
ut line 322.
(pdftex.def)             Requested size: 108.04163pt x 102.26517pt.
 [6]
<figures/result/tiles3/tiles3.jpg, id=45, 481.8pt x 642.4pt>
File: figures/result/tiles3/tiles3.jpg Graphic file (type jpg)

<use figures/result/tiles3/tiles3.jpg>
Package pdftex.def Info: figures/result/tiles3/tiles3.jpg used on input line 32
3.
(pdftex.def)             Requested size: 108.04163pt x 144.05345pt.

<figures/result/tiles3/tiles3-llel.jpg, id=46, 1204.5pt x 903.375pt>
File: figures/result/tiles3/tiles3-llel.jpg Graphic file (type jpg)

<use figures/result/tiles3/tiles3-llel.jpg>
Package pdftex.def Info: figures/result/tiles3/tiles3-llel.jpg used on input li
ne 323.
(pdftex.def)             Requested size: 108.04163pt x 81.02455pt.

<figures/result/tiles3/tiles3-perp.jpg, id=47, 1204.5pt x 903.375pt>
File: figures/result/tiles3/tiles3-perp.jpg Graphic file (type jpg)

<use figures/result/tiles3/tiles3-perp.jpg>
Package pdftex.def Info: figures/result/tiles3/tiles3-perp.jpg used on input li
ne 323.
(pdftex.def)             Requested size: 108.04163pt x 81.02455pt.

<figures/result/tiles3/tiles3-rectified.jpg, id=48, 458.71375pt x 642.4pt>
File: figures/result/tiles3/tiles3-rectified.jpg Graphic file (type jpg)

<use figures/result/tiles3/tiles3-rectified.jpg>
Package pdftex.def Info: figures/result/tiles3/tiles3-rectified.jpg used on inp
ut line 323.
(pdftex.def)             Requested size: 108.04163pt x 151.29729pt.
 [7 <./figures/checker2-llel.jpg> <./figures/chess1-perp.jpg> <./figures/result
/chess1/chess1.jpg> <./figures/result/chess1/chess1-llel.jpg> <./figures/result
/chess1/chess1-perp.jpg> <./figures/result/chess1/chess1-rectified.jpg> <./figu
res/result/facade/facade.jpg> <./figures/result/facade/facade-llel.jpg> <./figu
res/result/facade/facade-perp.jpg> <./figures/result/facade/facade-rectified.jp
g>]
<figures/result/tiles4/tiles4.jpg, id=55, 346.29375pt x 293.095pt>
File: figures/result/tiles4/tiles4.jpg Graphic file (type jpg)

<use figures/result/tiles4/tiles4.jpg>
Package pdftex.def Info: figures/result/tiles4/tiles4.jpg used on input line 32
4.
(pdftex.def)             Requested size: 108.04163pt x 91.44437pt.

<figures/result/tiles4/tiles4-llel.jpg, id=56, 1204.5pt x 903.375pt>
File: figures/result/tiles4/tiles4-llel.jpg Graphic file (type jpg)

<use figures/result/tiles4/tiles4-llel.jpg>
Package pdftex.def Info: figures/result/tiles4/tiles4-llel.jpg used on input li
ne 324.
(pdftex.def)             Requested size: 108.04163pt x 81.02455pt.

<figures/result/tiles4/tiles4-perp.jpg, id=57, 1204.5pt x 903.375pt>
File: figures/result/tiles4/tiles4-perp.jpg Graphic file (type jpg)

<use figures/result/tiles4/tiles4-perp.jpg>
Package pdftex.def Info: figures/result/tiles4/tiles4-perp.jpg used on input li
ne 324.
(pdftex.def)             Requested size: 108.04163pt x 81.02455pt.

<figures/result/tiles4/tiles4-rectified.jpg, id=58, 278.03876pt x 293.095pt>
File: figures/result/tiles4/tiles4-rectified.jpg Graphic file (type jpg)

<use figures/result/tiles4/tiles4-rectified.jpg>
Package pdftex.def Info: figures/result/tiles4/tiles4-rectified.jpg used on inp
ut line 324.
(pdftex.def)             Requested size: 108.04163pt x 113.89066pt.

<figures/result/tiles5/tiles5.jpg, id=59, 256.96pt x 192.72pt>
File: figures/result/tiles5/tiles5.jpg Graphic file (type jpg)

<use figures/result/tiles5/tiles5.jpg>
Package pdftex.def Info: figures/result/tiles5/tiles5.jpg used on input line 32
5.
(pdftex.def)             Requested size: 108.04163pt x 81.03299pt.

<figures/result/tiles5/tiles5-llel.jpg, id=60, 1204.5pt x 903.375pt>
File: figures/result/tiles5/tiles5-llel.jpg Graphic file (type jpg)

<use figures/result/tiles5/tiles5-llel.jpg>
Package pdftex.def Info: figures/result/tiles5/tiles5-llel.jpg used on input li
ne 325.
(pdftex.def)             Requested size: 108.04163pt x 81.02455pt.

<figures/result/tiles5/tiles5-perp.jpg, id=61, 1204.5pt x 903.375pt>
File: figures/result/tiles5/tiles5-perp.jpg Graphic file (type jpg)

<use figures/result/tiles5/tiles5-perp.jpg>
Package pdftex.def Info: figures/result/tiles5/tiles5-perp.jpg used on input li
ne 325.
(pdftex.def)             Requested size: 108.04163pt x 81.02455pt.

<figures/result/tiles5/tiles5-rectified.jpg, id=62, 597.23125pt x 481.8pt>
File: figures/result/tiles5/tiles5-rectified.jpg Graphic file (type jpg)

<use figures/result/tiles5/tiles5-rectified.jpg>
Package pdftex.def Info: figures/result/tiles5/tiles5-rectified.jpg used on inp
ut line 325.
(pdftex.def)             Requested size: 108.04163pt x 87.15399pt.


LaTeX Warning: `!h' float specifier changed to `!ht'.

<figures/result/tiles6/tiles6.jpg, id=63, 244.60616pt x 183.45462pt>
File: figures/result/tiles6/tiles6.jpg Graphic file (type jpg)

<use figures/result/tiles6/tiles6.jpg>
Package pdftex.def Info: figures/result/tiles6/tiles6.jpg used on input line 32
6.
(pdftex.def)             Requested size: 108.04163pt x 81.03099pt.

<figures/result/tiles6/tiles6-llel.jpg, id=64, 1204.5pt x 903.375pt>
File: figures/result/tiles6/tiles6-llel.jpg Graphic file (type jpg)

<use figures/result/tiles6/tiles6-llel.jpg>
Package pdftex.def Info: figures/result/tiles6/tiles6-llel.jpg used on input li
ne 326.
(pdftex.def)             Requested size: 108.04163pt x 81.02455pt.

<figures/result/tiles6/tiles6-perp.jpg, id=65, 1204.5pt x 903.375pt>
File: figures/result/tiles6/tiles6-perp.jpg Graphic file (type jpg)

<use figures/result/tiles6/tiles6-perp.jpg>
Package pdftex.def Info: figures/result/tiles6/tiles6-perp.jpg used on input li
ne 326.
(pdftex.def)             Requested size: 108.04163pt x 81.02455pt.

<figures/result/tiles6/tiles6-rectified.jpg, id=66, 664.4825pt x 463.7325pt>
File: figures/result/tiles6/tiles6-rectified.jpg Graphic file (type jpg)

<use figures/result/tiles6/tiles6-rectified.jpg>
Package pdftex.def Info: figures/result/tiles6/tiles6-rectified.jpg used on inp
ut line 326.
(pdftex.def)             Requested size: 108.04163pt x 75.39455pt.


LaTeX Warning: `!h' float specifier changed to `!ht'.

<figures/result/checker1/checker1.jpg, id=67, 803.0pt x 604.2575pt>
File: figures/result/checker1/checker1.jpg Graphic file (type jpg)

<use figures/result/checker1/checker1.jpg>
Package pdftex.def Info: figures/result/checker1/checker1.jpg used on input lin
e 327.
(pdftex.def)             Requested size: 108.04163pt x 81.29463pt.

<figures/result/checker1/checker1-llel.jpg, id=68, 1204.5pt x 903.375pt>
File: figures/result/checker1/checker1-llel.jpg Graphic file (type jpg)

<use figures/result/checker1/checker1-llel.jpg>
Package pdftex.def Info: figures/result/checker1/checker1-llel.jpg used on inpu
t line 327.
(pdftex.def)             Requested size: 108.04163pt x 81.02455pt.

<figures/result/checker1/checker1-perp.jpg, id=69, 1204.5pt x 903.375pt>
File: figures/result/checker1/checker1-perp.jpg Graphic file (type jpg)

<use figures/result/checker1/checker1-perp.jpg>
Package pdftex.def Info: figures/result/checker1/checker1-perp.jpg used on inpu
t line 327.
(pdftex.def)             Requested size: 108.04163pt x 81.02455pt.

<figures/result/checker1/checker1-rectified.jpg, id=70, 522.95375pt x 604.2575p
t>
File: figures/result/checker1/checker1-rectified.jpg Graphic file (type jpg)
 <use figures/result/checker1/checker1-rectified.jpg>
Package pdftex.def Info: figures/result/checker1/checker1-rectified.jpg used on
 input line 327.
(pdftex.def)             Requested size: 108.04163pt x 124.83249pt.
 [8 <./figures/result/tiles3/tiles3.jpg> <./figures/result/tiles3/tiles3-llel.j
pg> <./figures/result/tiles3/tiles3-perp.jpg> <./figures/result/tiles3/tiles3-r
ectified.jpg> <./figures/result/tiles4/tiles4.jpg> <./figures/result/tiles4/til
es4-llel.jpg> <./figures/result/tiles4/tiles4-perp.jpg> <./figures/result/tiles
4/tiles4-rectified.jpg>] <figures/result/web-house/web-house.jpg, id=74, 616.70
4pt x 346.896pt>
File: figures/result/web-house/web-house.jpg Graphic file (type jpg)

<use figures/result/web-house/web-house.jpg>
Package pdftex.def Info: figures/result/web-house/web-house.jpg used on input l
ine 330.
(pdftex.def)             Requested size: 108.04163pt x 60.77122pt.

<figures/result/web-house/web-house-llel.jpg, id=75, 1204.5pt x 903.375pt>
File: figures/result/web-house/web-house-llel.jpg Graphic file (type jpg)

<use figures/result/web-house/web-house-llel.jpg>
Package pdftex.def Info: figures/result/web-house/web-house-llel.jpg used on in
put line 330.
(pdftex.def)             Requested size: 108.04163pt x 81.02455pt.

<figures/result/web-house/web-house-perp.jpg, id=76, 1204.5pt x 903.375pt>
File: figures/result/web-house/web-house-perp.jpg Graphic file (type jpg)

<use figures/result/web-house/web-house-perp.jpg>
Package pdftex.def Info: figures/result/web-house/web-house-perp.jpg used on in
put line 330.
(pdftex.def)             Requested size: 108.04163pt x 81.02455pt.

<figures/result/web-house/web-house-rectified.jpg, id=77, 1796.7125pt x 1445.4p
t>
File: figures/result/web-house/web-house-rectified.jpg Graphic file (type jpg)
 <use figures/result/web-house/web-house-rectified.jpg>
Package pdftex.def Info: figures/result/web-house/web-house-rectified.jpg used 
on input line 330.
(pdftex.def)             Requested size: 108.04163pt x 86.8967pt.


LaTeX Warning: `!h' float specifier changed to `!ht'.

<figures/result/web2/web2.jpg, id=78, 617.30624pt x 455.7025pt>
File: figures/result/web2/web2.jpg Graphic file (type jpg)

<use figures/result/web2/web2.jpg>
Package pdftex.def Info: figures/result/web2/web2.jpg used on input line 331.
(pdftex.def)             Requested size: 108.04163pt x 79.75607pt.

<figures/result/web2/web2-llel.jpg, id=79, 1204.5pt x 903.375pt>
File: figures/result/web2/web2-llel.jpg Graphic file (type jpg)

<use figures/result/web2/web2-llel.jpg>
Package pdftex.def Info: figures/result/web2/web2-llel.jpg used on input line 3
31.
(pdftex.def)             Requested size: 108.04163pt x 81.02455pt.

<figures/result/web2/web2-perp.jpg, id=80, 1204.5pt x 903.375pt>
File: figures/result/web2/web2-perp.jpg Graphic file (type jpg)

<use figures/result/web2/web2-perp.jpg>
Package pdftex.def Info: figures/result/web2/web2-perp.jpg used on input line 3
31.
(pdftex.def)             Requested size: 108.04163pt x 81.02455pt.

<figures/result/web2/web2-rectified.jpg, id=81, 559.08875pt x 455.7025pt>
File: figures/result/web2/web2-rectified.jpg Graphic file (type jpg)

<use figures/result/web2/web2-rectified.jpg>
Package pdftex.def Info: figures/result/web2/web2-rectified.jpg used on input l
ine 331.
(pdftex.def)             Requested size: 108.04163pt x 88.0585pt.


LaTeX Warning: `!h' float specifier changed to `!ht'.

<figures/result/web-house2/web-house2.jpg, id=82, 615.29875pt x 461.725pt>
File: figures/result/web-house2/web-house2.jpg Graphic file (type jpg)

<use figures/result/web-house2/web-house2.jpg>
Package pdftex.def Info: figures/result/web-house2/web-house2.jpg used on input
 line 332.
(pdftex.def)             Requested size: 108.04163pt x 81.0708pt.

<figures/result/web-house2/web-house2-llel.jpg, id=83, 1204.5pt x 903.375pt>
File: figures/result/web-house2/web-house2-llel.jpg Graphic file (type jpg)

<use figures/result/web-house2/web-house2-llel.jpg>
Package pdftex.def Info: figures/result/web-house2/web-house2-llel.jpg used on 
input line 332.
(pdftex.def)             Requested size: 108.04163pt x 81.02455pt.

<figures/result/web-house2/web-house2-perp.jpg, id=84, 1204.5pt x 903.375pt>
File: figures/result/web-house2/web-house2-perp.jpg Graphic file (type jpg)

<use figures/result/web-house2/web-house2-perp.jpg>
Package pdftex.def Info: figures/result/web-house2/web-house2-perp.jpg used on 
input line 332.
(pdftex.def)             Requested size: 108.04163pt x 81.02455pt.

<figures/result/web-house2/web-house2-rectified.jpg, id=85, 644.4075pt x 461.72
5pt>
File: figures/result/web-house2/web-house2-rectified.jpg Graphic file (type jpg
)
 <use figures/result/web-house2/web-house2-rectified.jpg>
Package pdftex.def Info: figures/result/web-house2/web-house2-rectified.jpg use
d on input line 332.
(pdftex.def)             Requested size: 108.04163pt x 77.40723pt.
 [9 <./figures/result/tiles5/tiles5.jpg> <./figures/result/tiles5/tiles5-llel.j
pg> <./figures/result/tiles5/tiles5-perp.jpg> <./figures/result/tiles5/tiles5-r
ectified.jpg> <./figures/result/tiles6/tiles6.jpg> <./figures/result/tiles6/til
es6-llel.jpg> <./figures/result/tiles6/tiles6-perp.jpg> <./figures/result/tiles
6/tiles6-rectified.jpg> <./figures/result/checker1/checker1.jpg> <./figures/res
ult/checker1/checker1-llel.jpg> <./figures/result/checker1/checker1-perp.jpg> <
./figures/result/checker1/checker1-rectified.jpg>] [10 <./figures/result/web-ho
use/web-house.jpg> <./figures/result/web-house/web-house-llel.jpg> <./figures/r
esult/web-house/web-house-perp.jpg> <./figures/result/web-house/web-house-recti
fied.jpg> <./figures/result/web2/web2.jpg> <./figures/result/web2/web2-llel.jpg
> <./figures/result/web2/web2-perp.jpg> <./figures/result/web2/web2-rectified.j
pg> <./figures/result/web-house2/web-house2.jpg> <./figures/result/web-house2/w
eb-house2-llel.jpg> <./figures/result/web-house2/web-house2-perp.jpg> <./figure
s/result/web-house2/web-house2-rectified.jpg>] (./geometry-hw1.aux)

LaTeX Warning: There were undefined references.


LaTeX Warning: Label(s) may have changed. Rerun to get cross-references right.

 ) 
Here is how much of TeX's memory you used:
 2731 strings out of 494501
 41407 string characters out of 6167030
 104082 words of memory out of 5000000
 5926 multiletter control sequences out of 15000+600000
 9192 words of font info for 34 fonts, out of 8000000 for 9000
 319 hyphenation exceptions out of 8191
 38i,14n,29p,243b,267s stack positions out of 5000i,500n,10000p,200000b,80000s
</usr/local/texlive/2015basic/texmf-dist/fonts/type1/public/amsfonts/cm/cmbx1
0.pfb></usr/local/texlive/2015basic/texmf-dist/fonts/type1/public/amsfonts/cm/c
mbx12.pfb></usr/local/texlive/2015basic/texmf-dist/fonts/type1/public/amsfonts/
cm/cmex10.pfb></usr/local/texlive/2015basic/texmf-dist/fonts/type1/public/amsfo
nts/cm/cmmi10.pfb></usr/local/texlive/2015basic/texmf-dist/fonts/type1/public/a
msfonts/cm/cmmi5.pfb></usr/local/texlive/2015basic/texmf-dist/fonts/type1/publi
c/amsfonts/cm/cmmi7.pfb></usr/local/texlive/2015basic/texmf-dist/fonts/type1/pu
blic/amsfonts/cm/cmr10.pfb></usr/local/texlive/2015basic/texmf-dist/fonts/type1
/public/amsfonts/cm/cmr12.pfb></usr/local/texlive/2015basic/texmf-dist/fonts/ty
pe1/public/amsfonts/cm/cmr17.pfb></usr/local/texlive/2015basic/texmf-dist/fonts
/type1/public/amsfonts/cm/cmr5.pfb></usr/local/texlive/2015basic/texmf-dist/fon
ts/type1/public/amsfonts/cm/cmr7.pfb></usr/local/texlive/2015basic/texmf-dist/f
onts/type1/public/amsfonts/cm/cmr8.pfb></usr/local/texlive/2015basic/texmf-dist
/fonts/type1/public/amsfonts/cm/cmsy10.pfb></usr/local/texlive/2015basic/texmf-
dist/fonts/type1/public/amsfonts/cm/cmsy7.pfb></usr/local/texlive/2015basic/tex
mf-dist/fonts/type1/public/amsfonts/cm/cmsy8.pfb></usr/local/texlive/2015basic/
texmf-dist/fonts/type1/public/amsfonts/cm/cmtt12.pfb>
Output written on geometry-hw1.pdf (10 pages, 3252919 bytes).
PDF statistics:
 143 PDF objects out of 1000 (max. 8388607)
 72 compressed objects within 1 object stream
 0 named destinations out of 1000 (max. 500000)
 211 words of extra memory for PDF output out of 10000 (max. 10000000)

